[0.007s] Invoking command in '/home/nayr/FishRos/ch2/build/demo_cpp_pkg': CMAKE_PREFIX_PATH=${CMAKE_PREFIX_PATH}:/home/nayr/FishRos/ch2/install/demo_python_pkg:/opt/ros/humble /usr/bin/cmake --build /home/nayr/FishRos/ch2/build/demo_cpp_pkg -- -j4 -l4
[0.017s] -- Found ament_cmake: 1.3.12 (/opt/ros/humble/share/ament_cmake/cmake)
[0.069s] -- Found rclcpp: 16.0.14 (/opt/ros/humble/share/rclcpp/cmake)
[0.080s] -- Found rosidl_generator_c: 3.1.7 (/opt/ros/humble/share/rosidl_generator_c/cmake)
[0.081s] -- Found rosidl_adapter: 3.1.7 (/opt/ros/humble/share/rosidl_adapter/cmake)
[0.083s] -- Found rosidl_generator_cpp: 3.1.7 (/opt/ros/humble/share/rosidl_generator_cpp/cmake)
[0.087s] -- Using all available rosidl_typesupport_c: rosidl_typesupport_fastrtps_c;rosidl_typesupport_introspection_c
[0.091s] -- Using all available rosidl_typesupport_cpp: rosidl_typesupport_fastrtps_cpp;rosidl_typesupport_introspection_cpp
[0.103s] -- Found rmw_implementation_cmake: 6.1.2 (/opt/ros/humble/share/rmw_implementation_cmake/cmake)
[0.104s] -- Found rmw_fastrtps_cpp: 6.2.8 (/opt/ros/humble/share/rmw_fastrtps_cpp/cmake)
[0.146s] -- Using RMW implementation 'rmw_fastrtps_cpp' as default
[0.166s] -- Found ament_lint_auto: 0.12.14 (/opt/ros/humble/share/ament_lint_auto/cmake)
[0.192s] -- Added test 'cppcheck' to perform static code analysis on C / C++ code
[0.192s] -- Configured cppcheck include dirs: 
[0.192s] -- Configured cppcheck exclude dirs and/or files: 
[0.192s] -- Added test 'lint_cmake' to check CMake code style
[0.193s] -- Added test 'uncrustify' to check C / C++ code style
[0.193s] -- Configured uncrustify additional arguments: 
[0.193s] -- Added test 'xmllint' to check XML markup files
[0.193s] -- Configuring done
[0.201s] -- Generating done
[0.205s] -- Build files have been written to: /home/nayr/FishRos/ch2/build/demo_cpp_pkg
[0.217s] [35m[1mConsolidate compiler generated dependencies of target learn_auto[0m
[0.217s] [35m[1mConsolidate compiler generated dependencies of target cpp_node[0m
[0.217s] [35m[1mConsolidate compiler generated dependencies of target person_node[0m
[0.222s] [35m[1mConsolidate compiler generated dependencies of target learn_shared_ptr[0m
[0.228s] [ 20%] Built target learn_auto
[0.229s] [ 40%] Built target person_node
[0.231s] [ 60%] Built target cpp_node
[0.235s] [ 70%] [32mBuilding CXX object CMakeFiles/learn_lambda.dir/src/learn_lambda.cpp.o[0m
[0.238s] [ 80%] [32mBuilding CXX object CMakeFiles/learn_shared_ptr.dir/src/learn_shared_ptr.cpp.o[0m
[0.379s] [01m[K/home/nayr/FishRos/ch2/ch2_ws/src/demo_cpp_pkg/src/learn_lambda.cpp:[m[K In function â€˜[01m[Kint main()[m[Kâ€™:
[0.379s] [01m[K/home/nayr/FishRos/ch2/ch2_ws/src/demo_cpp_pkg/src/learn_lambda.cpp:14:5:[m[K [01;31m[Kerror: [m[Kexpected â€˜[01m[K,[m[Kâ€™ or â€˜[01m[K;[m[Kâ€™ before â€˜[01m[Kprint_sum[m[Kâ€™
[0.379s]    14 |     [01;31m[Kprint_sum[m[K();
[0.379s]       |     [01;31m[K^~~~~~~~~[m[K
[0.390s] gmake[2]: *** [CMakeFiles/learn_lambda.dir/build.make:76: CMakeFiles/learn_lambda.dir/src/learn_lambda.cpp.o] Error 1
[0.391s] gmake[1]: *** [CMakeFiles/Makefile2:249: CMakeFiles/learn_lambda.dir/all] Error 2
[0.391s] gmake[1]: *** Waiting for unfinished jobs....
[0.402s] [ 90%] [32m[1mLinking CXX executable learn_shared_ptr[0m
[0.438s] [ 90%] Built target learn_shared_ptr
[0.439s] gmake: *** [Makefile:146: all] Error 2
[0.440s] Invoked command in '/home/nayr/FishRos/ch2/build/demo_cpp_pkg' returned '2': CMAKE_PREFIX_PATH=${CMAKE_PREFIX_PATH}:/home/nayr/FishRos/ch2/install/demo_python_pkg:/opt/ros/humble /usr/bin/cmake --build /home/nayr/FishRos/ch2/build/demo_cpp_pkg -- -j4 -l4
