[01m[K/home/nayr/FishRos/ch4/ch4_ws/src/demo_cpp_service/src/turtle_control.cpp:24:56:[m[K [01;35m[Kwarning: [m[Kcharacter constant too long for its type
   24 | vice_ = this->create_service<Patrol>([01;35m[K'patrol'[m[K, [&](const Patrol::Request::SharedPtr request, Patrol::Response::SharedPtr response) -> void{
      |                                      [01;35m[K^~~~~~~~[m[K

[01m[K/home/nayr/FishRos/ch4/ch4_ws/src/demo_cpp_service/src/turtle_control.cpp:[m[K In constructor â€˜[01m[KTurtleControlNode::TurtleControlNode(const string&)[m[Kâ€™:
[01m[K/home/nayr/FishRos/ch4/ch4_ws/src/demo_cpp_service/src/turtle_control.cpp:24:55:[m[K [01;31m[Kerror: [m[Kno matching function for call to â€˜[01m[KTurtleControlNode::create_service<Patrol>(int, TurtleControlNode::TurtleControlNode(const string&)::<lambda(ch4_interfaces::srv::Patrol_Request_<std::allocator<void> >::SharedPtr, ch4_interfaces::srv::Patrol_Response_<std::allocator<void> >::SharedPtr)>)[m[Kâ€™
   24 | rvice_ = [01;31m[Kthis->create_service<Patrol>('patrol', [&](const Patrol::Request::SharedPtr request, Patrol::Response::SharedPtr response) -> void{[m[K
      |          [01;31m[K~~~~~~~~~~~~~~~~~~~~~~~~~~~~^~~~~~~~~~~~~~~~~~~~~~~~~~~~~~~~~~~~~~~~~~~~~~~~~~~~~~~~~~~~~~~~~~~~~~~~~~~~~~~~~~~~~~~~~~~~~~~~~~~~~~~[m[K

   25 | 
      |                                       

   26 | [01;31m[K0<request->target_x&&request->target_x<12.0f)&&[m[K
      | [01;31m[K~~~~~~~~~~~~~~~~~~~~~~~~~~~~~~~~~~~~~~~~~~~~~~~[m[K

   27 | [01;31m[K0<request->target_y&&request->target_y<12.0f)[m[K
      | [01;31m[K~~~~~~~~~~~~~~~~~~~~~~~~~~~~~~~~~~~~~~~~~~~~~[m[K

   28 | 
      |                                       

   29 | [01;31m[Khis->target_x_ = request->target_x;[m[K
      | [01;31m[K~~~~~~~~~~~~~~~~~~~~~~~~~~~~~~~~~~~[m[K   

   30 | [01;31m[Khis->target_y_ = request->target_y;[m[K
      | [01;31m[K~~~~~~~~~~~~~~~~~~~~~~~~~~~~~~~~~~~[m[K   

   31 | [01;31m[Kesponse->result = Patrol::Response::SUCCESS;[m[K
      | [01;31m[K~~~~~~~~~~~~~~~~~~~~~~~~~~~~~~~~~~~~~~~~~~~~[m[K

   32 | [01;31m[K{[m[K
      | [01;31m[K~[m[K                                     

   33 | [01;31m[Kesponse->result = Patrol::Response::FAIL;[m[K
      | [01;31m[K~~~~~~~~~~~~~~~~~~~~~~~~~~~~~~~~~~~~~~~~~[m[K

   34 | 
      |                                       

   35 | 
      |                                       

In file included from [01m[K/opt/ros/humble/include/rclcpp/rclcpp/executors/single_threaded_executor.hpp:28[m[K,
                 from [01m[K/opt/ros/humble/include/rclcpp/rclcpp/executors.hpp:22[m[K,
                 from [01m[K/opt/ros/humble/include/rclcpp/rclcpp/rclcpp.hpp:155[m[K,
                 from [01m[K/home/nayr/FishRos/ch4/ch4_ws/src/demo_cpp_service/src/turtle_control.cpp:1[m[K:
[01m[K/opt/ros/humble/include/rclcpp/rclcpp/node.hpp:267:3:[m[K [01;36m[Knote: [m[Kcandidate: â€˜[01m[Ktemplate<class ServiceT, class CallbackT> typename rclcpp::Service<ServiceT>::SharedPtr rclcpp::Node::create_service(const string&, CallbackT&&, const rmw_qos_profile_t&, rclcpp::CallbackGroup::SharedPtr)[m[Kâ€™
  267 |   [01;36m[Kcreate_service[m[K(
      |   [01;36m[K^~~~~~~~~~~~~~[m[K
[01m[K/opt/ros/humble/include/rclcpp/rclcpp/node.hpp:267:3:[m[K [01;36m[Knote: [m[K  template argument deduction/substitution failed:
[01m[K/home/nayr/FishRos/ch4/ch4_ws/src/demo_cpp_service/src/turtle_control.cpp:24:56:[m[K [01;36m[Knote: [m[K  cannot convert â€˜[01m[K1953656684[m[Kâ€™ (type â€˜[01m[Kint[m[Kâ€™) to type â€˜[01m[Kconst string&[m[Kâ€™ {aka â€˜[01m[Kconst std::__cxx11::basic_string<char>&[m[Kâ€™}
   24 | vice_ = this->create_service<Patrol>([01;36m[K'patrol'[m[K, [&](const Patrol::Request::SharedPtr request, Patrol::Response::SharedPtr response) -> void{
      |                                      [01;36m[K^~~~~~~~[m[K

gmake[2]: *** [CMakeFiles/turtle_control.dir/build.make:76: CMakeFiles/turtle_control.dir/src/turtle_control.cpp.o] Error 1
gmake[1]: *** [CMakeFiles/Makefile2:137: CMakeFiles/turtle_control.dir/all] Error 2
gmake: *** [Makefile:146: all] Error 2
