[0.006s] Invoking command in '/home/nayr/FishRos/ch4/ch4_ws/build/demo_cpp_service': CMAKE_PREFIX_PATH=${CMAKE_PREFIX_PATH}:/home/nayr/FishRos/ch4/ch4_ws/install/demo_python_service:/opt/ros/humble /usr/bin/cmake /home/nayr/FishRos/ch4/ch4_ws/src/demo_cpp_service -DCMAKE_INSTALL_PREFIX=/home/nayr/FishRos/ch4/ch4_ws/install/demo_cpp_service
[0.018s] -- Found ament_cmake: 1.3.12 (/opt/ros/humble/share/ament_cmake/cmake)
[0.080s] -- Found ch4_interfaces: 0.0.0 (/home/nayr/FishRos/ch4/ch4_ws/install/ch4_interfaces/share/ch4_interfaces/cmake)
[0.092s] -- Found rosidl_generator_c: 3.1.7 (/opt/ros/humble/share/rosidl_generator_c/cmake)
[0.093s] -- Found rosidl_adapter: 3.1.7 (/opt/ros/humble/share/rosidl_adapter/cmake)
[0.095s] -- Found rosidl_generator_cpp: 3.1.7 (/opt/ros/humble/share/rosidl_generator_cpp/cmake)
[0.100s] -- Using all available rosidl_typesupport_c: rosidl_typesupport_fastrtps_c;rosidl_typesupport_introspection_c
[0.106s] -- Using all available rosidl_typesupport_cpp: rosidl_typesupport_fastrtps_cpp;rosidl_typesupport_introspection_cpp
[0.139s] -- Found rclcpp: 16.0.14 (/opt/ros/humble/share/rclcpp/cmake)
[0.149s] -- Found rmw_implementation_cmake: 6.1.2 (/opt/ros/humble/share/rmw_implementation_cmake/cmake)
[0.150s] -- Found rmw_fastrtps_cpp: 6.2.8 (/opt/ros/humble/share/rmw_fastrtps_cpp/cmake)
[0.194s] -- Using RMW implementation 'rmw_fastrtps_cpp' as default
[0.212s] -- Found turtlesim: 1.4.2 (/opt/ros/humble/share/turtlesim/cmake)
[0.230s] -- Found ament_lint_auto: 0.12.14 (/opt/ros/humble/share/ament_lint_auto/cmake)
[0.260s] -- Added test 'cppcheck' to perform static code analysis on C / C++ code
[0.260s] -- Configured cppcheck include dirs: 
[0.260s] -- Configured cppcheck exclude dirs and/or files: 
[0.260s] -- Added test 'lint_cmake' to check CMake code style
[0.261s] -- Added test 'uncrustify' to check C / C++ code style
[0.261s] -- Configured uncrustify additional arguments: 
[0.261s] -- Added test 'xmllint' to check XML markup files
[0.261s] -- Configuring done
[0.267s] -- Generating done
[0.269s] -- Build files have been written to: /home/nayr/FishRos/ch4/ch4_ws/build/demo_cpp_service
[0.325s] Invoked command in '/home/nayr/FishRos/ch4/ch4_ws/build/demo_cpp_service' returned '0': CMAKE_PREFIX_PATH=${CMAKE_PREFIX_PATH}:/home/nayr/FishRos/ch4/ch4_ws/install/demo_python_service:/opt/ros/humble /usr/bin/cmake /home/nayr/FishRos/ch4/ch4_ws/src/demo_cpp_service -DCMAKE_INSTALL_PREFIX=/home/nayr/FishRos/ch4/ch4_ws/install/demo_cpp_service
[0.327s] Invoking command in '/home/nayr/FishRos/ch4/ch4_ws/build/demo_cpp_service': CMAKE_PREFIX_PATH=${CMAKE_PREFIX_PATH}:/home/nayr/FishRos/ch4/ch4_ws/install/demo_python_service:/opt/ros/humble /usr/bin/cmake --build /home/nayr/FishRos/ch4/ch4_ws/build/demo_cpp_service -- -j4 -l4
[0.344s] [ 50%] [32mBuilding CXX object CMakeFiles/turtle_control.dir/src/turtle_control.cpp.o[0m
[0.472s] [01m[K/home/nayr/FishRos/ch4/ch4_ws/src/demo_cpp_service/src/turtle_control.cpp:24:56:[m[K [01;35m[Kwarning: [m[Kcharacter constant too long for its type
[0.473s]    24 | vice_ = this->create_service<Patrol>([01;35m[K'patrol'[m[K, [&](const Patrol::Request::SharedPtr request, Patrol::Response::SharedPtr response) -> void{
[0.473s]       |                                      [01;35m[K^~~~~~~~[m[K
[0.473s] 
[1.439s] [01m[K/home/nayr/FishRos/ch4/ch4_ws/src/demo_cpp_service/src/turtle_control.cpp:[m[K In constructor â€˜[01m[KTurtleControlNode::TurtleControlNode(const string&)[m[Kâ€™:
[1.439s] [01m[K/home/nayr/FishRos/ch4/ch4_ws/src/demo_cpp_service/src/turtle_control.cpp:24:55:[m[K [01;31m[Kerror: [m[Kno matching function for call to â€˜[01m[KTurtleControlNode::create_service<Patrol>(int, TurtleControlNode::TurtleControlNode(const string&)::<lambda(ch4_interfaces::srv::Patrol_Request_<std::allocator<void> >::SharedPtr, ch4_interfaces::srv::Patrol_Response_<std::allocator<void> >::SharedPtr)>)[m[Kâ€™
[1.439s]    24 | rvice_ = [01;31m[Kthis->create_service<Patrol>('patrol', [&](const Patrol::Request::SharedPtr request, Patrol::Response::SharedPtr response) -> void{[m[K
[1.439s]       |          [01;31m[K~~~~~~~~~~~~~~~~~~~~~~~~~~~~^~~~~~~~~~~~~~~~~~~~~~~~~~~~~~~~~~~~~~~~~~~~~~~~~~~~~~~~~~~~~~~~~~~~~~~~~~~~~~~~~~~~~~~~~~~~~~~~~~~~~~~[m[K
[1.439s] 
[1.440s]    25 | 
[1.440s]       |                                       
[1.440s] 
[1.440s]    26 | [01;31m[K0<request->target_x&&request->target_x<12.0f)&&[m[K
[1.440s]       | [01;31m[K~~~~~~~~~~~~~~~~~~~~~~~~~~~~~~~~~~~~~~~~~~~~~~~[m[K
[1.440s] 
[1.440s]    27 | [01;31m[K0<request->target_y&&request->target_y<12.0f)[m[K
[1.440s]       | [01;31m[K~~~~~~~~~~~~~~~~~~~~~~~~~~~~~~~~~~~~~~~~~~~~~[m[K
[1.440s] 
[1.440s]    28 | 
[1.440s]       |                                       
[1.440s] 
[1.440s]    29 | [01;31m[Khis->target_x_ = request->target_x;[m[K
[1.440s]       | [01;31m[K~~~~~~~~~~~~~~~~~~~~~~~~~~~~~~~~~~~[m[K   
[1.440s] 
[1.440s]    30 | [01;31m[Khis->target_y_ = request->target_y;[m[K
[1.440s]       | [01;31m[K~~~~~~~~~~~~~~~~~~~~~~~~~~~~~~~~~~~[m[K   
[1.440s] 
[1.440s]    31 | [01;31m[Kesponse->result = Patrol::Response::SUCCESS;[m[K
[1.440s]       | [01;31m[K~~~~~~~~~~~~~~~~~~~~~~~~~~~~~~~~~~~~~~~~~~~~[m[K
[1.440s] 
[1.440s]    32 | [01;31m[K{[m[K
[1.440s]       | [01;31m[K~[m[K                                     
[1.440s] 
[1.440s]    33 | [01;31m[Kesponse->result = Patrol::Response::FAIL;[m[K
[1.440s]       | [01;31m[K~~~~~~~~~~~~~~~~~~~~~~~~~~~~~~~~~~~~~~~~~[m[K
[1.440s] 
[1.440s]    34 | 
[1.440s]       |                                       
[1.440s] 
[1.441s]    35 | 
[1.441s]       |                                       
[1.441s] 
[1.441s] In file included from [01m[K/opt/ros/humble/include/rclcpp/rclcpp/executors/single_threaded_executor.hpp:28[m[K,
[1.441s]                  from [01m[K/opt/ros/humble/include/rclcpp/rclcpp/executors.hpp:22[m[K,
[1.441s]                  from [01m[K/opt/ros/humble/include/rclcpp/rclcpp/rclcpp.hpp:155[m[K,
[1.441s]                  from [01m[K/home/nayr/FishRos/ch4/ch4_ws/src/demo_cpp_service/src/turtle_control.cpp:1[m[K:
[1.441s] [01m[K/opt/ros/humble/include/rclcpp/rclcpp/node.hpp:267:3:[m[K [01;36m[Knote: [m[Kcandidate: â€˜[01m[Ktemplate<class ServiceT, class CallbackT> typename rclcpp::Service<ServiceT>::SharedPtr rclcpp::Node::create_service(const string&, CallbackT&&, const rmw_qos_profile_t&, rclcpp::CallbackGroup::SharedPtr)[m[Kâ€™
[1.441s]   267 |   [01;36m[Kcreate_service[m[K(
[1.441s]       |   [01;36m[K^~~~~~~~~~~~~~[m[K
[1.441s] [01m[K/opt/ros/humble/include/rclcpp/rclcpp/node.hpp:267:3:[m[K [01;36m[Knote: [m[K  template argument deduction/substitution failed:
[1.441s] [01m[K/home/nayr/FishRos/ch4/ch4_ws/src/demo_cpp_service/src/turtle_control.cpp:24:56:[m[K [01;36m[Knote: [m[K  cannot convert â€˜[01m[K1953656684[m[Kâ€™ (type â€˜[01m[Kint[m[Kâ€™) to type â€˜[01m[Kconst string&[m[Kâ€™ {aka â€˜[01m[Kconst std::__cxx11::basic_string<char>&[m[Kâ€™}
[1.441s]    24 | vice_ = this->create_service<Patrol>([01;36m[K'patrol'[m[K, [&](const Patrol::Request::SharedPtr request, Patrol::Response::SharedPtr response) -> void{
[1.441s]       |                                      [01;36m[K^~~~~~~~[m[K
[1.441s] 
[2.425s] gmake[2]: *** [CMakeFiles/turtle_control.dir/build.make:76: CMakeFiles/turtle_control.dir/src/turtle_control.cpp.o] Error 1
[2.425s] gmake[1]: *** [CMakeFiles/Makefile2:137: CMakeFiles/turtle_control.dir/all] Error 2
[2.425s] gmake: *** [Makefile:146: all] Error 2
[2.427s] Invoked command in '/home/nayr/FishRos/ch4/ch4_ws/build/demo_cpp_service' returned '2': CMAKE_PREFIX_PATH=${CMAKE_PREFIX_PATH}:/home/nayr/FishRos/ch4/ch4_ws/install/demo_python_service:/opt/ros/humble /usr/bin/cmake --build /home/nayr/FishRos/ch4/ch4_ws/build/demo_cpp_service -- -j4 -l4
