[0.006s] Invoking command in '/home/nayr/FishRos/ch4/ch4_ws/build/demo_cpp_service': CMAKE_PREFIX_PATH=${CMAKE_PREFIX_PATH}:/home/nayr/FishRos/ch4/ch4_ws/install/demo_python_service:/opt/ros/humble /usr/bin/cmake --build /home/nayr/FishRos/ch4/ch4_ws/build/demo_cpp_service -- -j4 -l4
[0.025s] -- Found ament_cmake: 1.3.12 (/opt/ros/humble/share/ament_cmake/cmake)
[0.091s] -- Found ch4_interfaces: 0.0.0 (/home/nayr/FishRos/ch4/ch4_ws/install/ch4_interfaces/share/ch4_interfaces/cmake)
[0.104s] -- Found rosidl_generator_c: 3.1.7 (/opt/ros/humble/share/rosidl_generator_c/cmake)
[0.105s] -- Found rosidl_adapter: 3.1.7 (/opt/ros/humble/share/rosidl_adapter/cmake)
[0.114s] -- Found rosidl_generator_cpp: 3.1.7 (/opt/ros/humble/share/rosidl_generator_cpp/cmake)
[0.119s] -- Using all available rosidl_typesupport_c: rosidl_typesupport_fastrtps_c;rosidl_typesupport_introspection_c
[0.125s] -- Using all available rosidl_typesupport_cpp: rosidl_typesupport_fastrtps_cpp;rosidl_typesupport_introspection_cpp
[0.157s] -- Found rclcpp: 16.0.14 (/opt/ros/humble/share/rclcpp/cmake)
[0.167s] -- Found rmw_implementation_cmake: 6.1.2 (/opt/ros/humble/share/rmw_implementation_cmake/cmake)
[0.168s] -- Found rmw_fastrtps_cpp: 6.2.8 (/opt/ros/humble/share/rmw_fastrtps_cpp/cmake)
[0.224s] -- Using RMW implementation 'rmw_fastrtps_cpp' as default
[0.242s] -- Found turtlesim: 1.4.2 (/opt/ros/humble/share/turtlesim/cmake)
[0.259s] -- Found ament_lint_auto: 0.12.14 (/opt/ros/humble/share/ament_lint_auto/cmake)
[0.289s] -- Added test 'cppcheck' to perform static code analysis on C / C++ code
[0.289s] -- Configured cppcheck include dirs: 
[0.290s] -- Configured cppcheck exclude dirs and/or files: 
[0.290s] -- Added test 'lint_cmake' to check CMake code style
[0.290s] -- Added test 'uncrustify' to check C / C++ code style
[0.290s] -- Configured uncrustify additional arguments: 
[0.290s] -- Added test 'xmllint' to check XML markup files
[0.291s] -- Configuring done
[0.299s] -- Generating done
[0.302s] -- Build files have been written to: /home/nayr/FishRos/ch4/ch4_ws/build/demo_cpp_service
[0.314s] [35m[1mConsolidate compiler generated dependencies of target turtle_control[0m
[0.319s] [ 25%] [32mBuilding CXX object CMakeFiles/patrol_client.dir/src/patrol_client.cpp.o[0m
[0.323s] [ 50%] [32mBuilding CXX object CMakeFiles/turtle_control.dir/src/turtle_control.cpp.o[0m
[0.463s] [01m[K/home/nayr/FishRos/ch4/ch4_ws/src/demo_cpp_service/src/patrol_client.cpp:2:10:[m[K [01;31m[Kfatal error: [m[Kch4_interfaces/srv/patrol.hpp: No such file or directory
[0.463s]     2 | #include [01;31m[K"ch4_interfaces/srv/patrol.hpp"[m[K
[0.463s]       |          [01;31m[K^~~~~~~~~~~~~~~~~~~~~~~~~~~~~~~[m[K
[0.464s] compilation terminated.
[0.467s] gmake[2]: *** [CMakeFiles/patrol_client.dir/build.make:76: CMakeFiles/patrol_client.dir/src/patrol_client.cpp.o] Error 1
[0.467s] gmake[1]: *** [CMakeFiles/Makefile2:165: CMakeFiles/patrol_client.dir/all] Error 2
[0.467s] gmake[1]: *** Waiting for unfinished jobs....
[4.341s] [ 75%] [32m[1mLinking CXX executable turtle_control[0m
[4.580s] [ 75%] Built target turtle_control
[4.581s] gmake: *** [Makefile:146: all] Error 2
[4.582s] Invoked command in '/home/nayr/FishRos/ch4/ch4_ws/build/demo_cpp_service' returned '2': CMAKE_PREFIX_PATH=${CMAKE_PREFIX_PATH}:/home/nayr/FishRos/ch4/ch4_ws/install/demo_python_service:/opt/ros/humble /usr/bin/cmake --build /home/nayr/FishRos/ch4/ch4_ws/build/demo_cpp_service -- -j4 -l4
