[01m[K/home/nayr/FishRos/ch2/ch2_ws/src/demo_cpp_pkg/src/learn_lambda.cpp:[m[K In function â€˜[01m[Kint main()[m[Kâ€™:
[01m[K/home/nayr/FishRos/ch2/ch2_ws/src/demo_cpp_pkg/src/learn_lambda.cpp:14:5:[m[K [01;31m[Kerror: [m[Kexpected â€˜[01m[K,[m[Kâ€™ or â€˜[01m[K;[m[Kâ€™ before â€˜[01m[Kprint_sum[m[Kâ€™
   14 |     [01;31m[Kprint_sum[m[K();
      |     [01;31m[K^~~~~~~~~[m[K
gmake[2]: *** [CMakeFiles/learn_lambda.dir/build.make:76: CMakeFiles/learn_lambda.dir/src/learn_lambda.cpp.o] Error 1
gmake[1]: *** [CMakeFiles/Makefile2:249: CMakeFiles/learn_lambda.dir/all] Error 2
gmake: *** [Makefile:146: all] Error 2
