[0.007s] Invoking command in '/home/nayr/FishRos/ch2/build/demo_cpp_pkg': CMAKE_PREFIX_PATH=${CMAKE_PREFIX_PATH}:/home/nayr/FishRos/ch2/install/demo_python_pkg:/opt/ros/humble /usr/bin/cmake --build /home/nayr/FishRos/ch2/build/demo_cpp_pkg -- -j4 -l4
[0.031s] [35m[1mConsolidate compiler generated dependencies of target learn_shared_ptr[0m
[0.036s] [ 20%] Built target learn_auto
[0.038s] [ 40%] Built target cpp_node
[0.042s] [ 60%] Built target person_node
[0.042s] [35m[1mConsolidate compiler generated dependencies of target learn_lambda[0m
[0.043s] [ 80%] Built target learn_shared_ptr
[0.048s] [ 90%] [32mBuilding CXX object CMakeFiles/learn_lambda.dir/src/learn_lambda.cpp.o[0m
[0.172s] [01m[K/home/nayr/FishRos/ch2/ch2_ws/src/demo_cpp_pkg/src/learn_lambda.cpp:[m[K In function â€˜[01m[Kint main()[m[Kâ€™:
[0.172s] [01m[K/home/nayr/FishRos/ch2/ch2_ws/src/demo_cpp_pkg/src/learn_lambda.cpp:14:5:[m[K [01;31m[Kerror: [m[Kexpected â€˜[01m[K,[m[Kâ€™ or â€˜[01m[K;[m[Kâ€™ before â€˜[01m[Kprint_sum[m[Kâ€™
[0.172s]    14 |     [01;31m[Kprint_sum[m[K();
[0.172s]       |     [01;31m[K^~~~~~~~~[m[K
[0.183s] gmake[2]: *** [CMakeFiles/learn_lambda.dir/build.make:76: CMakeFiles/learn_lambda.dir/src/learn_lambda.cpp.o] Error 1
[0.183s] gmake[1]: *** [CMakeFiles/Makefile2:249: CMakeFiles/learn_lambda.dir/all] Error 2
[0.183s] gmake: *** [Makefile:146: all] Error 2
[0.184s] Invoked command in '/home/nayr/FishRos/ch2/build/demo_cpp_pkg' returned '2': CMAKE_PREFIX_PATH=${CMAKE_PREFIX_PATH}:/home/nayr/FishRos/ch2/install/demo_python_pkg:/opt/ros/humble /usr/bin/cmake --build /home/nayr/FishRos/ch2/build/demo_cpp_pkg -- -j4 -l4
