[35m[1mConsolidate compiler generated dependencies of target turtle_control[0m
[ 25%] [32mBuilding CXX object CMakeFiles/patrol_client.dir/src/patrol_client.cpp.o[0m
[ 50%] [32mBuilding CXX object CMakeFiles/turtle_control.dir/src/turtle_control.cpp.o[0m
[01m[K/home/nayr/FishRos/ch4/ch4_ws/src/demo_cpp_service/src/patrol_client.cpp:[m[K In lambda function:
[01m[K/home/nayr/FishRos/ch4/ch4_ws/src/demo_cpp_service/src/patrol_client.cpp:30:28:[m[K [01;31m[Kerror: [m[Kreturn-statement with a value, in function returning â€˜[01m[Kvoid[m[Kâ€™ [[01;31m[K]8;;https://gcc.gnu.org/onlinedocs/gcc/Warning-Options.html#index-fpermissive-fpermissive]8;;[m[K]
   30 |                     return [01;31m[Knullptr[m[K;
      |                            [01;31m[K^~~~~~~[m[K
[01m[K/home/nayr/FishRos/ch4/ch4_ws/src/demo_cpp_service/src/patrol_client.cpp:[m[K In member function â€˜[01m[Krcl_interfaces::srv::SetParameters_Response_<std::allocator<void> >::SharedPtr PatrolClientNode::call_set_parameter(const Parameter&)[m[Kâ€™:
[01m[K/home/nayr/FishRos/ch4/ch4_ws/src/demo_cpp_service/src/patrol_client.cpp:59:17:[m[K [01;31m[Kerror: [m[Kreturn-statement with no value, in function returning â€˜[01m[Krcl_interfaces::srv::SetParameters_Response_<std::allocator<void> >::SharedPtr[m[Kâ€™ {aka â€˜[01m[Kstd::shared_ptr<rcl_interfaces::srv::SetParameters_Response_<std::allocator<void> > >[m[Kâ€™} [[01;31m[K]8;;https://gcc.gnu.org/onlinedocs/gcc/Warning-Options.html#index-fpermissive-fpermissive]8;;[m[K]
   59 |                 [01;31m[Kreturn[m[K;
      |                 [01;31m[K^~~~~~[m[K
gmake[2]: *** [CMakeFiles/patrol_client.dir/build.make:76: CMakeFiles/patrol_client.dir/src/patrol_client.cpp.o] Error 1
gmake[1]: *** [CMakeFiles/Makefile2:165: CMakeFiles/patrol_client.dir/all] Error 2
gmake[1]: *** Waiting for unfinished jobs....
[ 75%] [32m[1mLinking CXX executable turtle_control[0m
[ 75%] Built target turtle_control
gmake: *** [Makefile:146: all] Error 2
